C:\Users\zlanusic\Documents\Visual Studio 2008\Projects\Player\Debug\Player.pdb
C:\Users\zlanusic\Documents\Visual Studio 2008\Projects\Player\Player\Debug\cl.command.1.tlog
C:\Users\zlanusic\Documents\Visual Studio 2008\Projects\Player\Player\Debug\CL.read.1.tlog
C:\Users\zlanusic\Documents\Visual Studio 2008\Projects\Player\Player\Debug\CL.write.1.tlog
C:\Users\zlanusic\Documents\Visual Studio 2008\Projects\Player\Player\Debug\link.command.1.tlog
C:\Users\zlanusic\Documents\Visual Studio 2008\Projects\Player\Player\Debug\link.read.1.tlog
C:\Users\zlanusic\Documents\Visual Studio 2008\Projects\Player\Player\Debug\link.write.1.tlog
C:\Users\zlanusic\Documents\Visual Studio 2008\Projects\Player\Player\Debug\link-cvtres.read.1.tlog
C:\Users\zlanusic\Documents\Visual Studio 2008\Projects\Player\Player\Debug\link-cvtres.write.1.tlog
C:\Users\zlanusic\Documents\Visual Studio 2008\Projects\Player\Player\Debug\Player.exe.embed.manifest
C:\USERS\ZLANUSIC\DOCUMENTS\VISUAL STUDIO 2008\PROJECTS\PLAYER\PLAYER\DEBUG\PLAYER.EXE.EMBED.MANIFEST.RES
C:\Users\zlanusic\Documents\Visual Studio 2008\Projects\Player\Player\Debug\Player.exe.intermediate.manifest
C:\USERS\ZLANUSIC\DOCUMENTS\VISUAL STUDIO 2008\PROJECTS\PLAYER\PLAYER\DEBUG\PLAYER.OBJ
C:\USERS\ZLANUSIC\DOCUMENTS\VISUAL STUDIO 2008\PROJECTS\PLAYER\PLAYER\DEBUG\PLAYER.PCH
C:\USERS\ZLANUSIC\DOCUMENTS\VISUAL STUDIO 2008\PROJECTS\PLAYER\PLAYER\DEBUG\PLAYER.RES
C:\Users\zlanusic\Documents\Visual Studio 2008\Projects\Player\Player\Debug\Player.vcxprojResolveAssemblyReference.cache
C:\Users\zlanusic\Documents\Visual Studio 2008\Projects\Player\Player\Debug\Player.write.1.tlog
C:\Users\zlanusic\Documents\Visual Studio 2008\Projects\Player\Player\Debug\Player_manifest.rc
C:\USERS\ZLANUSIC\DOCUMENTS\VISUAL STUDIO 2008\PROJECTS\PLAYER\PLAYER\DEBUG\PLAYERDLG.OBJ
C:\Users\zlanusic\Documents\Visual Studio 2008\Projects\Player\Player\Debug\rc.command.1.tlog
C:\Users\zlanusic\Documents\Visual Studio 2008\Projects\Player\Player\Debug\rc.read.1.tlog
C:\Users\zlanusic\Documents\Visual Studio 2008\Projects\Player\Player\Debug\rc.write.1.tlog
C:\USERS\ZLANUSIC\DOCUMENTS\VISUAL STUDIO 2008\PROJECTS\PLAYER\PLAYER\DEBUG\STDAFX.OBJ
C:\Users\zlanusic\Documents\Visual Studio 2008\Projects\Player\Player\Debug\vc100.idb
C:\USERS\ZLANUSIC\DOCUMENTS\VISUAL STUDIO 2008\PROJECTS\PLAYER\PLAYER\DEBUG\VC100.PDB
C:\Users\zlanusic\Documents\Visual Studio 2008\Projects\Player\Player\Debug\vc90.idb
C:\Users\zlanusic\Documents\Visual Studio 2008\Projects\Player\Player\Debug\vc90.pdb
